<?xml version="1.0" encoding="UTF-8"?>
<!-- Generated by org.testng.reporters.JUnitReportReporter -->
<testsuite hostname="DESKTOP-LQHB81I" name="academy.Homepage" tests="2" failures="0" timestamp="18 Sep 2019 20:32:48 GMT" time="13.946" errors="0">
  <testcase name="Firstpagenavigation" time="3.542" classname="academy.Homepage"/>
  <testcase name="Firstpagenavigation" time="10.404" classname="academy.Homepage"/>
</testsuite> <!-- academy.Homepage -->
