<?xml version="1.0" encoding="UTF-8"?>
<!-- Generated by org.testng.reporters.JUnitReportReporter -->
<testsuite hostname="DESKTOP-LQHB81I" name="academy.ValidatingNavBar" tests="1" failures="0" timestamp="18 Sep 2019 20:32:48 GMT" time="0.047" errors="0">
  <testcase name="Assertion2" time="0.047" classname="academy.ValidatingNavBar"/>
</testsuite> <!-- academy.ValidatingNavBar -->
