<?xml version="1.0" encoding="UTF-8"?>
<!-- Generated by org.testng.reporters.JUnitReportReporter -->
<testsuite hostname="DESKTOP-LQHB81I" name="academy.ValidatingNavBar" tests="1" failures="0" timestamp="17 Sep 2019 18:22:41 GMT" time="0.108" errors="0">
  <testcase name="Assertion2" time="0.108" classname="academy.ValidatingNavBar"/>
</testsuite> <!-- academy.ValidatingNavBar -->
