<?xml version="1.0" encoding="UTF-8"?>
<!-- Generated by org.testng.reporters.JUnitReportReporter -->
<testsuite hostname="DESKTOP-LQHB81I" name="academy.ValidatingAssertions" tests="1" failures="0" timestamp="17 Sep 2019 18:22:41 GMT" time="0.065" errors="0">
  <testcase name="Assertions1" time="0.065" classname="academy.ValidatingAssertions"/>
</testsuite> <!-- academy.ValidatingAssertions -->
