<?xml version="1.0" encoding="UTF-8"?>
<!-- Generated by org.testng.reporters.JUnitReportReporter -->
<testsuite hostname="DESKTOP-LQHB81I" name="academy.Homepage" tests="2" failures="0" timestamp="17 Sep 2019 18:22:41 GMT" time="15.959" errors="0">
  <testcase name="Firstpagenavigation" time="5.719" classname="academy.Homepage"/>
  <testcase name="Firstpagenavigation" time="10.240" classname="academy.Homepage"/>
</testsuite> <!-- academy.Homepage -->
